0 info it worked if it ends with ok
1 verbose cli [ '/usr/bin/node', '/usr/bin/npm', 'update' ]
2 info using npm@1.4.3
3 info using node@v0.10.26
4 verbose node symlink /usr/bin/node
5 info outdated updating undefined
6 error Failed to parse json
6 error Unexpected string
7 error File: /home/anish/alcohol/package.json
8 error Failed to parse package.json data.
8 error package.json must be actual JSON, not just JavaScript.
8 error
8 error This is not a bug in npm.
8 error Tell the package author to fix their package.json file. JSON.parse
9 error System Linux 3.8.0-38-generic
10 error command "/usr/bin/node" "/usr/bin/npm" "update"
11 error cwd /home/anish/alcohol
12 error node -v v0.10.26
13 error npm -v 1.4.3
14 error file /home/anish/alcohol/package.json
15 error code EJSONPARSE
16 verbose exit [ 1, true ]
